<?xml version="1.0" encoding="UTF-8"?>
<!-- Generated by org.testng.reporters.JUnitReportReporter -->
<testsuite hostname="BLRW3010155" failures="0" tests="1" name="com.testcase.verifyAmazonFlipkartPrice" time="67.458" errors="0" timestamp="25 Aug 2019 08:59:36 GMT" skipped="0">
  <testcase classname="com.testcase.verifyAmazonFlipkartPrice" name="amazonFlipkart_PriceComparison" time="67.458"/>
</testsuite> <!-- com.testcase.verifyAmazonFlipkartPrice -->
