<?xml version="1.0" encoding="UTF-8"?>
<!-- Generated by org.testng.reporters.JUnitReportReporter -->
<testsuite hostname="BLRW3010155" failures="0" tests="1" name="com.flipkart.TestCases.verifyFlipkartLogin" time="50.273" errors="0" timestamp="25 Aug 2019 08:49:46 GMT" skipped="0">
  <testcase classname="com.flipkart.TestCases.verifyFlipkartLogin" name="verifyFlipkartValidLogin" time="50.273"/>
</testsuite> <!-- com.flipkart.TestCases.verifyFlipkartLogin -->
